Build started 2/7/2014 8:57:46 AM.
     1>Project "C:\Users\Archimedes\documents\visual studio 2010\Projects\AABBExample\AABBExample\AABBExample.vcxproj" on node 2 (build target(s)).
     1>InitializeBuildStatus:
         Creating "Debug\AABBExample.unsuccessfulbuild" because "AlwaysCreate" was specified.
       ClCompile:
         C:\Program Files (x86)\Microsoft Visual Studio 10.0\VC\bin\CL.exe /c /ZI /nologo /W3 /WX- /Od /Oy- /D WIN32 /D _DEBUG /D _CONSOLE /D _UNICODE /D UNICODE /Gm /EHsc /RTC1 /MDd /GS /fp:precise /Zc:wchar_t /Zc:forScope /Fo"Debug\\" /Fd"Debug\vc100.pdb" /Gd /TP /analyze- /errorReport:prompt main.cpp
         main.cpp
       ManifestResourceCompile:
         C:\Program Files (x86)\Microsoft SDKs\Windows\v7.0A\bin\rc.exe /nologo /fo"Debug\AABBExample.exe.embed.manifest.res" Debug\AABBExample_manifest.rc 
       Link:
         C:\Program Files (x86)\Microsoft Visual Studio 10.0\VC\bin\link.exe /ERRORREPORT:PROMPT /OUT:"C:\Users\Archimedes\documents\visual studio 2010\Projects\AABBExample\Debug\AABBExample.exe" /INCREMENTAL /NOLOGO kernel32.lib user32.lib gdi32.lib winspool.lib comdlg32.lib advapi32.lib shell32.lib ole32.lib oleaut32.lib uuid.lib odbc32.lib odbccp32.lib /MANIFEST /ManifestFile:"Debug\AABBExample.exe.intermediate.manifest" /MANIFESTUAC:"level='asInvoker' uiAccess='false'" /DEBUG /PDB:"C:\Users\Archimedes\documents\visual studio 2010\Projects\AABBExample\Debug\AABBExample.pdb" /SUBSYSTEM:CONSOLE /TLBID:1 /DYNAMICBASE /NXCOMPAT /IMPLIB:"C:\Users\Archimedes\documents\visual studio 2010\Projects\AABBExample\Debug\AABBExample.lib" /MACHINE:X86 Debug\AABBExample.exe.embed.manifest.res
         Debug\main.obj
       Manifest:
         Deleting file "Debug\AABBExample.exe.embed.manifest".
         C:\Program Files (x86)\Microsoft SDKs\Windows\v7.0A\bin\mt.exe /nologo /verbose /out:"Debug\AABBExample.exe.embed.manifest" /manifest Debug\AABBExample.exe.intermediate.manifest
         C:\Program Files (x86)\Microsoft SDKs\Windows\v7.0A\bin\rc.exe /nologo /fo"Debug\AABBExample.exe.embed.manifest.res" Debug\AABBExample_manifest.rc 
       LinkEmbedManifest:
         C:\Program Files (x86)\Microsoft Visual Studio 10.0\VC\bin\link.exe /ERRORREPORT:PROMPT /OUT:"C:\Users\Archimedes\documents\visual studio 2010\Projects\AABBExample\Debug\AABBExample.exe" /INCREMENTAL /NOLOGO kernel32.lib user32.lib gdi32.lib winspool.lib comdlg32.lib advapi32.lib shell32.lib ole32.lib oleaut32.lib uuid.lib odbc32.lib odbccp32.lib /MANIFEST /ManifestFile:"Debug\AABBExample.exe.intermediate.manifest" /MANIFESTUAC:"level='asInvoker' uiAccess='false'" /DEBUG /PDB:"C:\Users\Archimedes\documents\visual studio 2010\Projects\AABBExample\Debug\AABBExample.pdb" /SUBSYSTEM:CONSOLE /TLBID:1 /DYNAMICBASE /NXCOMPAT /IMPLIB:"C:\Users\Archimedes\documents\visual studio 2010\Projects\AABBExample\Debug\AABBExample.lib" /MACHINE:X86 Debug\AABBExample.exe.embed.manifest.res
         Debug\main.obj
         AABBExample.vcxproj -> C:\Users\Archimedes\documents\visual studio 2010\Projects\AABBExample\Debug\AABBExample.exe
       FinalizeBuildStatus:
         Deleting file "Debug\AABBExample.unsuccessfulbuild".
         Touching "Debug\AABBExample.lastbuildstate".
     1>Done Building Project "C:\Users\Archimedes\documents\visual studio 2010\Projects\AABBExample\AABBExample\AABBExample.vcxproj" (build target(s)).

Build succeeded.

Time Elapsed 00:00:03.47
